2023-11-01 10:40:52,630 [Worker-0: Loading available Gradle versions] INFO  o.e.b.c.i.u.g.PublishedGradleVersions - Gradle version information cache is out-of-date. Trying to update.
2023-11-02 10:36:46,722 [Worker-2: Loading available Gradle versions] INFO  o.e.b.c.i.u.g.PublishedGradleVersions - Gradle version information cache is up-to-date. Trying to read.
2023-11-02 14:10:56,560 [Worker-1: Loading available Gradle versions] INFO  o.e.b.c.i.u.g.PublishedGradleVersions - Gradle version information cache is out-of-date. Trying to update.
2023-11-03 07:41:25,319 [Worker-1: Loading available Gradle versions] INFO  o.e.b.c.i.u.g.PublishedGradleVersions - Gradle version information cache is up-to-date. Trying to read.
2023-11-03 07:43:57,998 [Worker-2: Loading available Gradle versions] INFO  o.e.b.c.i.u.g.PublishedGradleVersions - Gradle version information cache is up-to-date. Trying to read.
2023-11-03 10:04:23,172 [Worker-1: Loading available Gradle versions] INFO  o.e.b.c.i.u.g.PublishedGradleVersions - Gradle version information cache is up-to-date. Trying to read.
2023-11-06 10:31:36,455 [Worker-1: Loading available Gradle versions] INFO  o.e.b.c.i.u.g.PublishedGradleVersions - Gradle version information cache is out-of-date. Trying to update.
2023-11-06 14:08:31,785 [Worker-1: Loading available Gradle versions] INFO  o.e.b.c.i.u.g.PublishedGradleVersions - Gradle version information cache is up-to-date. Trying to read.
2023-11-06 14:11:58,832 [Worker-2: Creating project "fb"] INFO  o.e.m.c.i.l.LifecycleMappingFactory - Using org.eclipse.m2e.jdt.JarLifecycleMapping lifecycle mapping for MavenProject: mavenproject:fb:0.0.1-SNAPSHOT @ C:\Users\SWT\Desktop\online\fb\pom.xml.
2023-11-06 14:11:59,873 [Worker-2: Creating project "fb"] INFO  o.e.m.j.i.AbstractJavaProjectConfigurator - Adding source folder /fb/src/main/java
2023-11-06 14:11:59,875 [Worker-2: Creating project "fb"] INFO  o.e.m.j.i.AbstractJavaProjectConfigurator - Adding resource folder /fb/src/main/resources
2023-11-06 14:11:59,877 [Worker-2: Creating project "fb"] INFO  o.e.m.j.i.AbstractJavaProjectConfigurator - Adding source folder /fb/src/test/java
2023-11-06 14:11:59,878 [Worker-2: Creating project "fb"] INFO  o.e.m.j.i.AbstractJavaProjectConfigurator - Adding resource folder /fb/src/test/resources
2023-11-06 14:12:00,396 [Worker-13: Building] WARN  o.a.m.s.f.DefaultMavenResourcesFiltering - Using platform encoding (UTF-8 actually) to copy filtered resources, i.e. build is platform dependent!
2023-11-06 14:12:00,403 [Worker-13: Building] INFO  o.a.m.s.f.DefaultMavenResourcesFiltering - Copying 0 resource
2023-11-06 14:12:00,412 [Worker-13: Building] WARN  o.a.m.s.f.DefaultMavenResourcesFiltering - Using platform encoding (UTF-8 actually) to copy filtered resources, i.e. build is platform dependent!
2023-11-06 14:12:00,413 [Worker-13: Building] INFO  o.a.m.s.f.DefaultMavenResourcesFiltering - Copying 0 resource
2023-11-06 14:18:22,647 [Worker-14: Building] INFO  o.e.m.c.i.l.LifecycleMappingFactory - Using org.eclipse.m2e.jdt.JarLifecycleMapping lifecycle mapping for MavenProject: mavenproject:fb:0.0.1-SNAPSHOT @ C:\Users\SWT\Desktop\online\fb\pom.xml.
2023-11-06 14:18:23,356 [Worker-14: Building] WARN  o.a.m.s.f.DefaultMavenResourcesFiltering - Using platform encoding (UTF-8 actually) to copy filtered resources, i.e. build is platform dependent!
2023-11-06 14:18:23,361 [Worker-14: Building] INFO  o.a.m.s.f.DefaultMavenResourcesFiltering - Copying 0 resource
2023-11-06 14:18:23,368 [Worker-14: Building] WARN  o.a.m.s.f.DefaultMavenResourcesFiltering - Using platform encoding (UTF-8 actually) to copy filtered resources, i.e. build is platform dependent!
2023-11-06 14:18:23,370 [Worker-14: Building] INFO  o.a.m.s.f.DefaultMavenResourcesFiltering - Copying 0 resource
2023-11-06 14:20:06,557 [Worker-19: Building] WARN  o.a.m.s.f.DefaultMavenResourcesFiltering - Using platform encoding (UTF-8 actually) to copy filtered resources, i.e. build is platform dependent!
2023-11-06 14:20:06,560 [Worker-19: Building] INFO  o.a.m.s.f.DefaultMavenResourcesFiltering - Copying 0 resource
2023-11-06 14:20:06,566 [Worker-19: Building] WARN  o.a.m.s.f.DefaultMavenResourcesFiltering - Using platform encoding (UTF-8 actually) to copy filtered resources, i.e. build is platform dependent!
2023-11-06 14:20:06,570 [Worker-19: Building] INFO  o.a.m.s.f.DefaultMavenResourcesFiltering - Copying 0 resource
2023-11-06 14:21:20,877 [Worker-18: Building] WARN  o.a.m.s.f.DefaultMavenResourcesFiltering - Using platform encoding (UTF-8 actually) to copy filtered resources, i.e. build is platform dependent!
2023-11-06 14:21:20,879 [Worker-18: Building] INFO  o.a.m.s.f.DefaultMavenResourcesFiltering - Copying 0 resource
2023-11-06 14:21:20,883 [Worker-18: Building] WARN  o.a.m.s.f.DefaultMavenResourcesFiltering - Using platform encoding (UTF-8 actually) to copy filtered resources, i.e. build is platform dependent!
2023-11-06 14:21:20,886 [Worker-18: Building] INFO  o.a.m.s.f.DefaultMavenResourcesFiltering - Copying 0 resource
2023-11-06 14:21:37,394 [Worker-13: Launching NewTest] WARN  o.a.m.s.f.DefaultMavenResourcesFiltering - Using platform encoding (UTF-8 actually) to copy filtered resources, i.e. build is platform dependent!
2023-11-06 14:21:37,396 [Worker-13: Launching NewTest] INFO  o.a.m.s.f.DefaultMavenResourcesFiltering - Copying 0 resource
2023-11-06 14:21:37,405 [Worker-13: Launching NewTest] WARN  o.a.m.s.f.DefaultMavenResourcesFiltering - Using platform encoding (UTF-8 actually) to copy filtered resources, i.e. build is platform dependent!
2023-11-06 14:21:37,406 [Worker-13: Launching NewTest] INFO  o.a.m.s.f.DefaultMavenResourcesFiltering - Copying 0 resource
2023-11-06 14:22:27,466 [Worker-19: Building] INFO  o.e.m.c.i.l.LifecycleMappingFactory - Using org.eclipse.m2e.jdt.JarLifecycleMapping lifecycle mapping for MavenProject: mavenproject:fb:0.0.1-SNAPSHOT @ C:\Users\SWT\Desktop\online\fb\pom.xml.
2023-11-06 14:22:27,718 [Worker-19: Building] WARN  o.e.m.c.i.embedder.EclipseLogger - The POM for jdk.tools:jdk.tools:jar:1.8 is missing, no dependency information available
2023-11-06 14:26:08,452 [Worker-24: Building] INFO  o.e.m.c.i.l.LifecycleMappingFactory - Using org.eclipse.m2e.jdt.JarLifecycleMapping lifecycle mapping for MavenProject: mavenproject:fb:0.0.1-SNAPSHOT @ C:\Users\SWT\Desktop\online\fb\pom.xml.
2023-11-06 14:26:09,230 [Worker-24: Building] WARN  o.a.m.s.f.DefaultMavenResourcesFiltering - Using platform encoding (UTF-8 actually) to copy filtered resources, i.e. build is platform dependent!
2023-11-06 14:26:09,234 [Worker-24: Building] INFO  o.a.m.s.f.DefaultMavenResourcesFiltering - Copying 0 resource
2023-11-06 14:26:09,242 [Worker-24: Building] WARN  o.a.m.s.f.DefaultMavenResourcesFiltering - Using platform encoding (UTF-8 actually) to copy filtered resources, i.e. build is platform dependent!
2023-11-06 14:26:09,245 [Worker-24: Building] INFO  o.a.m.s.f.DefaultMavenResourcesFiltering - Copying 0 resource
2023-11-06 14:26:34,826 [Worker-26: Building] INFO  o.e.m.c.i.l.LifecycleMappingFactory - Using org.eclipse.m2e.jdt.JarLifecycleMapping lifecycle mapping for MavenProject: mavenproject:fb:0.0.1-SNAPSHOT @ C:\Users\SWT\Desktop\online\fb\pom.xml.
2023-11-06 14:26:35,009 [Worker-26: Building] WARN  o.e.m.c.i.embedder.EclipseLogger - The POM for jdk.tools:jdk.tools:jar:1.8 is missing, no dependency information available
2023-11-06 14:27:48,272 [Worker-19: Building] INFO  o.e.m.c.i.l.LifecycleMappingFactory - Using org.eclipse.m2e.jdt.JarLifecycleMapping lifecycle mapping for MavenProject: mavenproject:fb:0.0.1-SNAPSHOT @ C:\Users\SWT\Desktop\online\fb\pom.xml.
2023-11-06 14:27:48,510 [Worker-19: Building] WARN  o.e.m.c.i.embedder.EclipseLogger - The POM for jdk.tools:jdk.tools:jar:1.8 is missing, no dependency information available
2023-11-06 14:28:08,371 [Worker-24: Building] INFO  o.e.m.c.i.l.LifecycleMappingFactory - Using org.eclipse.m2e.jdt.JarLifecycleMapping lifecycle mapping for MavenProject: mavenproject:fb:0.0.1-SNAPSHOT @ C:\Users\SWT\Desktop\online\fb\pom.xml.
2023-11-06 14:28:08,581 [Worker-24: Building] WARN  o.e.m.c.i.embedder.EclipseLogger - The POM for jdk.tools:jdk.tools:jar:1.8 is missing, no dependency information available
2023-11-06 14:28:27,757 [Worker-26: Building] INFO  o.e.m.c.i.l.LifecycleMappingFactory - Using org.eclipse.m2e.jdt.JarLifecycleMapping lifecycle mapping for MavenProject: mavenproject:fb:0.0.1-SNAPSHOT @ C:\Users\SWT\Desktop\online\fb\pom.xml.
2023-11-06 14:28:28,381 [Worker-26: Building] WARN  o.a.m.s.f.DefaultMavenResourcesFiltering - Using platform encoding (UTF-8 actually) to copy filtered resources, i.e. build is platform dependent!
2023-11-06 14:28:28,385 [Worker-26: Building] INFO  o.a.m.s.f.DefaultMavenResourcesFiltering - Copying 0 resource
2023-11-06 14:28:28,391 [Worker-26: Building] WARN  o.a.m.s.f.DefaultMavenResourcesFiltering - Using platform encoding (UTF-8 actually) to copy filtered resources, i.e. build is platform dependent!
2023-11-06 14:28:28,392 [Worker-26: Building] INFO  o.a.m.s.f.DefaultMavenResourcesFiltering - Copying 0 resource
2023-11-06 14:29:29,374 [Worker-21: Launching Executing test in C__Users_SWT_Desktop_online_fb] INFO  o.eclipse.m2e.core.internal.Bundles - getClasspathEntries(Bundle=org.eclipse.m2e.maven.runtime_3.9.100.20230519-1558 [338])
2023-11-06 14:29:29,390 [Worker-21: Launching Executing test in C__Users_SWT_Desktop_online_fb] INFO  o.eclipse.m2e.core.internal.Bundles - 	Entry: C:\Users\SWT\.p2\pool\plugins\org.eclipse.m2e.maven.runtime_3.9.100.20230519-1558
2023-11-06 14:29:29,391 [Worker-21: Launching Executing test in C__Users_SWT_Desktop_online_fb] INFO  o.eclipse.m2e.core.internal.Bundles - 	Entry: C:\Users\SWT\.p2\pool\plugins\org.eclipse.m2e.maven.runtime_3.9.100.20230519-1558\jars\aether-connector-okhttp-0.17.8.jar
2023-11-06 14:29:29,395 [Worker-21: Launching Executing test in C__Users_SWT_Desktop_online_fb] INFO  o.eclipse.m2e.core.internal.Bundles - 	Entry: C:\Users\SWT\.p2\pool\plugins\org.eclipse.m2e.maven.runtime_3.9.100.20230519-1558\jars\aopalliance-1.0.jar
2023-11-06 14:29:29,396 [Worker-21: Launching Executing test in C__Users_SWT_Desktop_online_fb] INFO  o.eclipse.m2e.core.internal.Bundles - 	Entry: C:\Users\SWT\.p2\pool\plugins\org.eclipse.m2e.maven.runtime_3.9.100.20230519-1558\jars\commons-lang3-3.8.1.jar
2023-11-06 14:29:29,396 [Worker-21: Launching Executing test in C__Users_SWT_Desktop_online_fb] INFO  o.eclipse.m2e.core.internal.Bundles - 	Entry: C:\Users\SWT\.p2\pool\plugins\org.eclipse.m2e.maven.runtime_3.9.100.20230519-1558\jars\failureaccess-1.0.1.jar
2023-11-06 14:29:29,398 [Worker-21: Launching Executing test in C__Users_SWT_Desktop_online_fb] INFO  o.eclipse.m2e.core.internal.Bundles - 	Entry: C:\Users\SWT\.p2\pool\plugins\org.eclipse.m2e.maven.runtime_3.9.100.20230519-1558\jars\guava-30.1-jre.jar
2023-11-06 14:29:29,399 [Worker-21: Launching Executing test in C__Users_SWT_Desktop_online_fb] INFO  o.eclipse.m2e.core.internal.Bundles - 	Entry: C:\Users\SWT\.p2\pool\plugins\org.eclipse.m2e.maven.runtime_3.9.100.20230519-1558\jars\guice-5.1.0.jar
2023-11-06 14:29:29,399 [Worker-21: Launching Executing test in C__Users_SWT_Desktop_online_fb] INFO  o.eclipse.m2e.core.internal.Bundles - 	Entry: C:\Users\SWT\.p2\pool\plugins\org.eclipse.m2e.maven.runtime_3.9.100.20230519-1558\jars\jansi-2.4.0.jar
2023-11-06 14:29:29,399 [Worker-21: Launching Executing test in C__Users_SWT_Desktop_online_fb] INFO  o.eclipse.m2e.core.internal.Bundles - 	Entry: C:\Users\SWT\.p2\pool\plugins\org.eclipse.m2e.maven.runtime_3.9.100.20230519-1558\jars\maven-artifact-3.9.1.jar
2023-11-06 14:29:29,400 [Worker-21: Launching Executing test in C__Users_SWT_Desktop_online_fb] INFO  o.eclipse.m2e.core.internal.Bundles - 	Entry: C:\Users\SWT\.p2\pool\plugins\org.eclipse.m2e.maven.runtime_3.9.100.20230519-1558\jars\maven-builder-support-3.9.1.jar
2023-11-06 14:29:29,400 [Worker-21: Launching Executing test in C__Users_SWT_Desktop_online_fb] INFO  o.eclipse.m2e.core.internal.Bundles - 	Entry: C:\Users\SWT\.p2\pool\plugins\org.eclipse.m2e.maven.runtime_3.9.100.20230519-1558\jars\maven-compat-3.9.1.jar
2023-11-06 14:29:29,400 [Worker-21: Launching Executing test in C__Users_SWT_Desktop_online_fb] INFO  o.eclipse.m2e.core.internal.Bundles - 	Entry: C:\Users\SWT\.p2\pool\plugins\org.eclipse.m2e.maven.runtime_3.9.100.20230519-1558\jars\maven-core-3.9.1.jar
2023-11-06 14:29:29,401 [Worker-21: Launching Executing test in C__Users_SWT_Desktop_online_fb] INFO  o.eclipse.m2e.core.internal.Bundles - 	Entry: C:\Users\SWT\.p2\pool\plugins\org.eclipse.m2e.maven.runtime_3.9.100.20230519-1558\jars\maven-embedder-3.9.1.jar
2023-11-06 14:29:29,403 [Worker-21: Launching Executing test in C__Users_SWT_Desktop_online_fb] INFO  o.eclipse.m2e.core.internal.Bundles - 	Entry: C:\Users\SWT\.p2\pool\plugins\org.eclipse.m2e.maven.runtime_3.9.100.20230519-1558\jars\maven-model-3.9.1.jar
2023-11-06 14:29:29,403 [Worker-21: Launching Executing test in C__Users_SWT_Desktop_online_fb] INFO  o.eclipse.m2e.core.internal.Bundles - 	Entry: C:\Users\SWT\.p2\pool\plugins\org.eclipse.m2e.maven.runtime_3.9.100.20230519-1558\jars\maven-model-builder-3.9.1.jar
2023-11-06 14:29:29,403 [Worker-21: Launching Executing test in C__Users_SWT_Desktop_online_fb] INFO  o.eclipse.m2e.core.internal.Bundles - 	Entry: C:\Users\SWT\.p2\pool\plugins\org.eclipse.m2e.maven.runtime_3.9.100.20230519-1558\jars\maven-plugin-api-3.9.1.jar
2023-11-06 14:29:29,403 [Worker-21: Launching Executing test in C__Users_SWT_Desktop_online_fb] INFO  o.eclipse.m2e.core.internal.Bundles - 	Entry: C:\Users\SWT\.p2\pool\plugins\org.eclipse.m2e.maven.runtime_3.9.100.20230519-1558\jars\maven-repository-metadata-3.9.1.jar
2023-11-06 14:29:29,403 [Worker-21: Launching Executing test in C__Users_SWT_Desktop_online_fb] INFO  o.eclipse.m2e.core.internal.Bundles - 	Entry: C:\Users\SWT\.p2\pool\plugins\org.eclipse.m2e.maven.runtime_3.9.100.20230519-1558\jars\maven-resolver-api-1.9.7.jar
2023-11-06 14:29:29,404 [Worker-21: Launching Executing test in C__Users_SWT_Desktop_online_fb] INFO  o.eclipse.m2e.core.internal.Bundles - 	Entry: C:\Users\SWT\.p2\pool\plugins\org.eclipse.m2e.maven.runtime_3.9.100.20230519-1558\jars\maven-resolver-connector-basic-1.9.7.jar
2023-11-06 14:29:29,404 [Worker-21: Launching Executing test in C__Users_SWT_Desktop_online_fb] INFO  o.eclipse.m2e.core.internal.Bundles - 	Entry: C:\Users\SWT\.p2\pool\plugins\org.eclipse.m2e.maven.runtime_3.9.100.20230519-1558\jars\maven-resolver-impl-1.9.7.jar
2023-11-06 14:29:29,404 [Worker-21: Launching Executing test in C__Users_SWT_Desktop_online_fb] INFO  o.eclipse.m2e.core.internal.Bundles - 	Entry: C:\Users\SWT\.p2\pool\plugins\org.eclipse.m2e.maven.runtime_3.9.100.20230519-1558\jars\maven-resolver-named-locks-1.9.7.jar
2023-11-06 14:29:29,404 [Worker-21: Launching Executing test in C__Users_SWT_Desktop_online_fb] INFO  o.eclipse.m2e.core.internal.Bundles - 	Entry: C:\Users\SWT\.p2\pool\plugins\org.eclipse.m2e.maven.runtime_3.9.100.20230519-1558\jars\maven-resolver-provider-3.9.1.jar
2023-11-06 14:29:29,405 [Worker-21: Launching Executing test in C__Users_SWT_Desktop_online_fb] INFO  o.eclipse.m2e.core.internal.Bundles - 	Entry: C:\Users\SWT\.p2\pool\plugins\org.eclipse.m2e.maven.runtime_3.9.100.20230519-1558\jars\maven-resolver-spi-1.9.7.jar
2023-11-06 14:29:29,405 [Worker-21: Launching Executing test in C__Users_SWT_Desktop_online_fb] INFO  o.eclipse.m2e.core.internal.Bundles - 	Entry: C:\Users\SWT\.p2\pool\plugins\org.eclipse.m2e.maven.runtime_3.9.100.20230519-1558\jars\maven-resolver-transport-wagon-1.9.7.jar
2023-11-06 14:29:29,405 [Worker-21: Launching Executing test in C__Users_SWT_Desktop_online_fb] INFO  o.eclipse.m2e.core.internal.Bundles - 	Entry: C:\Users\SWT\.p2\pool\plugins\org.eclipse.m2e.maven.runtime_3.9.100.20230519-1558\jars\maven-resolver-util-1.9.7.jar
2023-11-06 14:29:29,406 [Worker-21: Launching Executing test in C__Users_SWT_Desktop_online_fb] INFO  o.eclipse.m2e.core.internal.Bundles - 	Entry: C:\Users\SWT\.p2\pool\plugins\org.eclipse.m2e.maven.runtime_3.9.100.20230519-1558\jars\maven-settings-3.9.1.jar
2023-11-06 14:29:29,406 [Worker-21: Launching Executing test in C__Users_SWT_Desktop_online_fb] INFO  o.eclipse.m2e.core.internal.Bundles - 	Entry: C:\Users\SWT\.p2\pool\plugins\org.eclipse.m2e.maven.runtime_3.9.100.20230519-1558\jars\maven-settings-builder-3.9.1.jar
2023-11-06 14:29:29,406 [Worker-21: Launching Executing test in C__Users_SWT_Desktop_online_fb] INFO  o.eclipse.m2e.core.internal.Bundles - 	Entry: C:\Users\SWT\.p2\pool\plugins\org.eclipse.m2e.maven.runtime_3.9.100.20230519-1558\jars\maven-shared-utils-3.3.4.jar
2023-11-06 14:29:29,406 [Worker-21: Launching Executing test in C__Users_SWT_Desktop_online_fb] INFO  o.eclipse.m2e.core.internal.Bundles - 	Entry: C:\Users\SWT\.p2\pool\plugins\org.eclipse.m2e.maven.runtime_3.9.100.20230519-1558\jars\okhttp-3.14.1.jar
2023-11-06 14:29:29,407 [Worker-21: Launching Executing test in C__Users_SWT_Desktop_online_fb] INFO  o.eclipse.m2e.core.internal.Bundles - 	Entry: C:\Users\SWT\.p2\pool\plugins\org.eclipse.m2e.maven.runtime_3.9.100.20230519-1558\jars\okio-1.17.3.jar
2023-11-06 14:29:29,407 [Worker-21: Launching Executing test in C__Users_SWT_Desktop_online_fb] INFO  o.eclipse.m2e.core.internal.Bundles - 	Entry: C:\Users\SWT\.p2\pool\plugins\org.eclipse.m2e.maven.runtime_3.9.100.20230519-1558\jars\org.eclipse.sisu.inject-0.3.5.jar
2023-11-06 14:29:29,407 [Worker-21: Launching Executing test in C__Users_SWT_Desktop_online_fb] INFO  o.eclipse.m2e.core.internal.Bundles - 	Entry: C:\Users\SWT\.p2\pool\plugins\org.eclipse.m2e.maven.runtime_3.9.100.20230519-1558\jars\org.eclipse.sisu.plexus-0.3.5.jar
2023-11-06 14:29:29,407 [Worker-21: Launching Executing test in C__Users_SWT_Desktop_online_fb] INFO  o.eclipse.m2e.core.internal.Bundles - 	Entry: C:\Users\SWT\.p2\pool\plugins\org.eclipse.m2e.maven.runtime_3.9.100.20230519-1558\jars\plexus-build-api-0.0.7.jar
2023-11-06 14:29:29,407 [Worker-21: Launching Executing test in C__Users_SWT_Desktop_online_fb] INFO  o.eclipse.m2e.core.internal.Bundles - 	Entry: C:\Users\SWT\.p2\pool\plugins\org.eclipse.m2e.maven.runtime_3.9.100.20230519-1558\jars\plexus-cipher-2.0.jar
2023-11-06 14:29:29,407 [Worker-21: Launching Executing test in C__Users_SWT_Desktop_online_fb] INFO  o.eclipse.m2e.core.internal.Bundles - 	Entry: C:\Users\SWT\.p2\pool\plugins\org.eclipse.m2e.maven.runtime_3.9.100.20230519-1558\jars\plexus-classworlds-2.6.0.jar
2023-11-06 14:29:29,408 [Worker-21: Launching Executing test in C__Users_SWT_Desktop_online_fb] INFO  o.eclipse.m2e.core.internal.Bundles - 	Entry: C:\Users\SWT\.p2\pool\plugins\org.eclipse.m2e.maven.runtime_3.9.100.20230519-1558\jars\plexus-component-annotations-2.1.0.jar
2023-11-06 14:29:29,408 [Worker-21: Launching Executing test in C__Users_SWT_Desktop_online_fb] INFO  o.eclipse.m2e.core.internal.Bundles - 	Entry: C:\Users\SWT\.p2\pool\plugins\org.eclipse.m2e.maven.runtime_3.9.100.20230519-1558\jars\plexus-interpolation-1.26.jar
2023-11-06 14:29:29,408 [Worker-21: Launching Executing test in C__Users_SWT_Desktop_online_fb] INFO  o.eclipse.m2e.core.internal.Bundles - 	Entry: C:\Users\SWT\.p2\pool\plugins\org.eclipse.m2e.maven.runtime_3.9.100.20230519-1558\jars\plexus-sec-dispatcher-2.0.jar
2023-11-06 14:29:29,408 [Worker-21: Launching Executing test in C__Users_SWT_Desktop_online_fb] INFO  o.eclipse.m2e.core.internal.Bundles - 	Entry: C:\Users\SWT\.p2\pool\plugins\org.eclipse.m2e.maven.runtime_3.9.100.20230519-1558\jars\plexus-utils-3.5.1.jar
2023-11-06 14:29:29,411 [Worker-21: Launching Executing test in C__Users_SWT_Desktop_online_fb] INFO  o.eclipse.m2e.core.internal.Bundles - 	Entry: C:\Users\SWT\.p2\pool\plugins\org.eclipse.m2e.maven.runtime_3.9.100.20230519-1558\jars\wagon-file-3.5.3.jar
2023-11-06 14:29:29,411 [Worker-21: Launching Executing test in C__Users_SWT_Desktop_online_fb] INFO  o.eclipse.m2e.core.internal.Bundles - 	Entry: C:\Users\SWT\.p2\pool\plugins\org.eclipse.m2e.maven.runtime_3.9.100.20230519-1558\jars\wagon-provider-api-3.5.3.jar
2023-11-06 14:29:29,415 [Worker-21: Launching Executing test in C__Users_SWT_Desktop_online_fb] INFO  o.eclipse.m2e.core.internal.Bundles - getClasspathEntries(Bundle=com.google.guava_31.1.0.jre [12])
2023-11-06 14:29:29,429 [Worker-21: Launching Executing test in C__Users_SWT_Desktop_online_fb] INFO  o.eclipse.m2e.core.internal.Bundles - 	Entry: C:\Users\SWT\.p2\pool\plugins\com.google.guava_31.1.0.jre.jar
2023-11-06 14:29:29,429 [Worker-21: Launching Executing test in C__Users_SWT_Desktop_online_fb] INFO  o.eclipse.m2e.core.internal.Bundles - getClasspathEntries(Bundle=slf4j.api_1.7.36 [625])
2023-11-06 14:29:29,434 [Worker-21: Launching Executing test in C__Users_SWT_Desktop_online_fb] INFO  o.eclipse.m2e.core.internal.Bundles - 	Entry: C:\Users\SWT\.p2\pool\plugins\slf4j.api_1.7.36.jar
2023-11-06 14:29:29,434 [Worker-21: Launching Executing test in C__Users_SWT_Desktop_online_fb] INFO  o.eclipse.m2e.core.internal.Bundles - getClasspathEntries(Bundle=javax.inject_1.0.0.v20220405-0441 [27])
2023-11-06 14:29:29,441 [Worker-21: Launching Executing test in C__Users_SWT_Desktop_online_fb] INFO  o.eclipse.m2e.core.internal.Bundles - 	Entry: C:\Users\SWT\.p2\pool\plugins\javax.inject_1.0.0.v20220405-0441.jar
2023-11-06 14:29:29,441 [Worker-21: Launching Executing test in C__Users_SWT_Desktop_online_fb] INFO  o.eclipse.m2e.core.internal.Bundles - getClasspathEntries(Bundle=javax.annotation_1.3.5.v20230504-0748 [25])
2023-11-06 14:29:29,444 [Worker-21: Launching Executing test in C__Users_SWT_Desktop_online_fb] INFO  o.eclipse.m2e.core.internal.Bundles - 	Entry: C:\Users\SWT\.p2\pool\plugins\javax.annotation_1.3.5.v20230504-0748.jar
2023-11-06 14:29:29,445 [Worker-21: Launching Executing test in C__Users_SWT_Desktop_online_fb] INFO  o.eclipse.m2e.core.internal.Bundles - getClasspathEntries(Bundle=org.apache.commons.cli_1.5.0 [52])
2023-11-06 14:29:29,450 [Worker-21: Launching Executing test in C__Users_SWT_Desktop_online_fb] INFO  o.eclipse.m2e.core.internal.Bundles - 	Entry: C:\Users\SWT\.p2\pool\plugins\org.apache.commons.cli_1.5.0.jar
2023-11-06 14:29:29,450 [Worker-21: Launching Executing test in C__Users_SWT_Desktop_online_fb] INFO  o.eclipse.m2e.core.internal.Bundles - getClasspathEntries(Bundle=com.google.guava.failureaccess_1.0.1 [14])
2023-11-06 14:29:29,453 [Worker-21: Launching Executing test in C__Users_SWT_Desktop_online_fb] INFO  o.eclipse.m2e.core.internal.Bundles - 	Entry: C:\Users\SWT\.p2\pool\plugins\com.google.guava.failureaccess_1.0.1.jar
2023-11-06 14:29:29,466 [Worker-21: Launching Executing test in C__Users_SWT_Desktop_online_fb] INFO  o.e.m.i.launch.MavenLaunchDelegate - Run build in "C:\Users\SWT\Desktop\online\fb":
2023-11-06 14:29:29,468 [Worker-21: Launching Executing test in C__Users_SWT_Desktop_online_fb] INFO  o.e.m.i.launch.MavenLaunchDelegate -  mvn  -B -Dstyle.color=always test
2023-11-06 14:29:54,749 [Worker-21: Launching Executing verify in C__Users_SWT_Desktop_online_fb] INFO  o.e.m.i.launch.MavenLaunchDelegate - Run build in "C:\Users\SWT\Desktop\online\fb":
2023-11-06 14:29:54,749 [Worker-21: Launching Executing verify in C__Users_SWT_Desktop_online_fb] INFO  o.e.m.i.launch.MavenLaunchDelegate -  mvn  -B -Dstyle.color=always verify
2023-11-06 14:30:34,282 [Worker-29: Building] WARN  o.a.m.s.f.DefaultMavenResourcesFiltering - Using platform encoding (UTF-8 actually) to copy filtered resources, i.e. build is platform dependent!
2023-11-06 14:30:34,285 [Worker-29: Building] INFO  o.a.m.s.f.DefaultMavenResourcesFiltering - Copying 0 resource
2023-11-06 14:30:34,292 [Worker-29: Building] WARN  o.a.m.s.f.DefaultMavenResourcesFiltering - Using platform encoding (UTF-8 actually) to copy filtered resources, i.e. build is platform dependent!
2023-11-06 14:30:34,294 [Worker-29: Building] INFO  o.a.m.s.f.DefaultMavenResourcesFiltering - Copying 0 resource
2023-11-06 14:30:40,841 [Worker-27: Building] WARN  o.a.m.s.f.DefaultMavenResourcesFiltering - Using platform encoding (UTF-8 actually) to copy filtered resources, i.e. build is platform dependent!
2023-11-06 14:30:40,843 [Worker-27: Building] INFO  o.a.m.s.f.DefaultMavenResourcesFiltering - Copying 0 resource
2023-11-06 14:30:40,847 [Worker-27: Building] WARN  o.a.m.s.f.DefaultMavenResourcesFiltering - Using platform encoding (UTF-8 actually) to copy filtered resources, i.e. build is platform dependent!
2023-11-06 14:30:40,848 [Worker-27: Building] INFO  o.a.m.s.f.DefaultMavenResourcesFiltering - Copying 0 resource
2023-11-06 14:31:45,609 [Worker-26: Building] WARN  o.a.m.s.f.DefaultMavenResourcesFiltering - Using platform encoding (UTF-8 actually) to copy filtered resources, i.e. build is platform dependent!
2023-11-06 14:31:45,612 [Worker-26: Building] INFO  o.a.m.s.f.DefaultMavenResourcesFiltering - Copying 0 resource
2023-11-06 14:31:45,615 [Worker-26: Building] WARN  o.a.m.s.f.DefaultMavenResourcesFiltering - Using platform encoding (UTF-8 actually) to copy filtered resources, i.e. build is platform dependent!
2023-11-06 14:31:45,616 [Worker-26: Building] INFO  o.a.m.s.f.DefaultMavenResourcesFiltering - Copying 0 resource
2023-11-06 14:32:36,233 [Worker-29: Launching NewTest] WARN  o.a.m.s.f.DefaultMavenResourcesFiltering - Using platform encoding (UTF-8 actually) to copy filtered resources, i.e. build is platform dependent!
2023-11-06 14:32:36,237 [Worker-29: Launching NewTest] INFO  o.a.m.s.f.DefaultMavenResourcesFiltering - Copying 0 resource
2023-11-06 14:32:36,244 [Worker-29: Launching NewTest] WARN  o.a.m.s.f.DefaultMavenResourcesFiltering - Using platform encoding (UTF-8 actually) to copy filtered resources, i.e. build is platform dependent!
2023-11-06 14:32:36,249 [Worker-29: Launching NewTest] INFO  o.a.m.s.f.DefaultMavenResourcesFiltering - Copying 0 resource
2023-11-06 14:36:43,419 [Worker-21: Building] INFO  o.e.m.c.i.l.LifecycleMappingFactory - Using org.eclipse.m2e.jdt.JarLifecycleMapping lifecycle mapping for MavenProject: mavenproject:fb:0.0.1-SNAPSHOT @ C:\Users\SWT\Desktop\online\fb\pom.xml.
2023-11-06 14:36:44,225 [Worker-21: Building] WARN  o.a.m.s.f.DefaultMavenResourcesFiltering - Using platform encoding (UTF-8 actually) to copy filtered resources, i.e. build is platform dependent!
2023-11-06 14:36:44,229 [Worker-21: Building] INFO  o.a.m.s.f.DefaultMavenResourcesFiltering - Copying 0 resource
2023-11-06 14:36:44,234 [Worker-21: Building] WARN  o.a.m.s.f.DefaultMavenResourcesFiltering - Using platform encoding (UTF-8 actually) to copy filtered resources, i.e. build is platform dependent!
2023-11-06 14:36:44,236 [Worker-21: Building] INFO  o.a.m.s.f.DefaultMavenResourcesFiltering - Copying 0 resource
2023-11-06 14:38:47,067 [Worker-33: Building] WARN  o.a.m.s.f.DefaultMavenResourcesFiltering - Using platform encoding (UTF-8 actually) to copy filtered resources, i.e. build is platform dependent!
2023-11-06 14:38:47,068 [Worker-33: Building] INFO  o.a.m.s.f.DefaultMavenResourcesFiltering - Copying 0 resource
2023-11-06 14:38:47,073 [Worker-33: Building] WARN  o.a.m.s.f.DefaultMavenResourcesFiltering - Using platform encoding (UTF-8 actually) to copy filtered resources, i.e. build is platform dependent!
2023-11-06 14:38:47,079 [Worker-33: Building] INFO  o.a.m.s.f.DefaultMavenResourcesFiltering - Copying 0 resource
2023-11-06 14:40:18,842 [Worker-26: Building] WARN  o.a.m.s.f.DefaultMavenResourcesFiltering - Using platform encoding (UTF-8 actually) to copy filtered resources, i.e. build is platform dependent!
2023-11-06 14:40:18,844 [Worker-26: Building] INFO  o.a.m.s.f.DefaultMavenResourcesFiltering - Copying 0 resource
2023-11-06 14:40:18,849 [Worker-26: Building] WARN  o.a.m.s.f.DefaultMavenResourcesFiltering - Using platform encoding (UTF-8 actually) to copy filtered resources, i.e. build is platform dependent!
2023-11-06 14:40:18,850 [Worker-26: Building] INFO  o.a.m.s.f.DefaultMavenResourcesFiltering - Copying 0 resource
2023-11-06 14:41:00,731 [Worker-34: Building] WARN  o.a.m.s.f.DefaultMavenResourcesFiltering - Using platform encoding (UTF-8 actually) to copy filtered resources, i.e. build is platform dependent!
2023-11-06 14:41:00,732 [Worker-34: Building] INFO  o.a.m.s.f.DefaultMavenResourcesFiltering - Copying 0 resource
2023-11-06 14:41:00,735 [Worker-34: Building] WARN  o.a.m.s.f.DefaultMavenResourcesFiltering - Using platform encoding (UTF-8 actually) to copy filtered resources, i.e. build is platform dependent!
2023-11-06 14:41:00,737 [Worker-34: Building] INFO  o.a.m.s.f.DefaultMavenResourcesFiltering - Copying 0 resource
2023-11-07 07:31:14,774 [Worker-1: Loading available Gradle versions] INFO  o.e.b.c.i.u.g.PublishedGradleVersions - Gradle version information cache is up-to-date. Trying to read.
